\BOOKMARK [1][-]{section.1}{INTRODUCTION}{}% 1
\BOOKMARK [2][-]{subsection.1.1}{Motivation}{section.1}% 2
\BOOKMARK [2][-]{subsection.1.2}{Objectives}{section.1}% 3
\BOOKMARK [2][-]{subsection.1.3}{Research Methodologies}{section.1}% 4
\BOOKMARK [2][-]{subsection.1.4}{Structure of the Thesis}{section.1}% 5
\BOOKMARK [1][-]{section.2}{BACKGROUND}{}% 6
\BOOKMARK [2][-]{subsection.2.1}{Car Pose Estimation}{section.2}% 7
\BOOKMARK [2][-]{subsection.2.2}{Challenges}{section.2}% 8
\BOOKMARK [2][-]{subsection.2.3}{State-Of-The-Art Algorithms}{section.2}% 9
\BOOKMARK [2][-]{subsection.2.4}{Public Benchmarks}{section.2}% 10
\BOOKMARK [2][-]{subsection.2.5}{Summary}{section.2}% 11
\BOOKMARK [1][-]{section.3}{Regression Methods}{}% 12
\BOOKMARK [2][-]{subsection.3.1}{Regression Forests}{section.3}% 13
\BOOKMARK [2][-]{subsection.3.2}{K-clustering Regression Forest}{section.3}% 14
\BOOKMARK [2][-]{subsection.3.3}{Experimental Verification}{section.3}% 15
\BOOKMARK [2][-]{subsection.3.4}{Summary}{section.3}% 16
\BOOKMARK [1][-]{section.4}{Part-Aware Target Coding}{}% 17
\BOOKMARK [2][-]{subsection.4.1}{Introduction}{section.4}% 18
\BOOKMARK [2][-]{subsection.4.2}{Pipeline}{section.4}% 19
\BOOKMARK [2][-]{subsection.4.3}{Visible Semantic Parts}{section.4}% 20
\BOOKMARK [2][-]{subsection.4.4}{Part-Aware Target Coding}{section.4}% 21
\BOOKMARK [2][-]{subsection.4.5}{Regression Mapping onto Viewpoint Space}{section.4}% 22
\BOOKMARK [2][-]{subsection.4.6}{Experiments}{section.4}% 23
\BOOKMARK [2][-]{subsection.4.7}{Summary}{section.4}% 24
\BOOKMARK [1][-]{section.5}{Hierarchical Sliding Slice Regression }{}% 25
\BOOKMARK [2][-]{subsection.5.1}{Introduction}{section.5}% 26
\BOOKMARK [2][-]{subsection.5.2}{Pipeline}{section.5}% 27
\BOOKMARK [2][-]{subsection.5.3}{Circular Slice Construction}{section.5}% 28
\BOOKMARK [2][-]{subsection.5.4}{Coarse Classifier}{section.5}% 29
\BOOKMARK [2][-]{subsection.5.5}{Fine Slice-Specific Regressor}{section.5}% 30
\BOOKMARK [2][-]{subsection.5.6}{Experiments}{section.5}% 31
\BOOKMARK [2][-]{subsection.5.7}{Summary}{section.5}% 32
\BOOKMARK [1][-]{section.6}{CONCLUSION}{}% 33
\BOOKMARK [1][-]{section.6}{REFERENCES}{}% 34
